<?xml version="1.0" encoding="UTF-8"?>
<!-- Generated by org.testng.reporters.JUnitXMLReporter -->
<testsuite ignored="0" hostname="LAPTOP-MV67V0TL" failures="0" tests="3" name="StandAloneTest" time="218.418" errors="0" timestamp="2024-11-19T20:46:50 IST">
  <testcase classname="TestingAcademy.StandAloneTest" name="SubmitOrder" time="89.101"/>
  <testcase classname="TestingAcademy.StandAloneTest" name="SubmitOrder" time="92.435"/>
  <testcase classname="TestingAcademy.StandAloneTest" name="OrderHistory" time="14.332"/>
</testsuite> <!-- StandAloneTest -->
