<?xml version="1.0" encoding="UTF-8"?>
<testng-results ignored="0" total="3" passed="3" failed="0" skipped="0">
  <reporter-output>
  </reporter-output>
  <suite started-at="2024-11-19T20:43:12 IST" name="Suite" finished-at="2024-11-19T20:46:50 IST" duration-ms="218418">
    <groups>
      <group name="ErrorHandling">
        <method signature="ErrorValidation.LoginPageErrorValidation()[pri:0, instance:TestingAcademy.ErrorValidation@54e22bdd]" name="LoginPageErrorValidation" class="TestingAcademy.ErrorValidation"/>
      </group> <!-- ErrorHandling -->
      <group name="PurchesOrder">
        <method signature="StandAloneTest.SubmitOrder(java.util.HashMap)[pri:0, instance:TestingAcademy.StandAloneTest@674bd420]" name="SubmitOrder" class="TestingAcademy.StandAloneTest"/>
      </group> <!-- PurchesOrder -->
    </groups>
    <test started-at="2024-11-19T20:43:12 IST" name="StandAloneTest" finished-at="2024-11-19T20:46:50 IST" duration-ms="218418">
      <class name="TestingAcademy.StandAloneTest">
        <test-method is-config="true" signature="LaunchApplication()[pri:0, instance:TestingAcademy.StandAloneTest@674bd420]" started-at="2024-11-19T20:43:12 IST" name="LaunchApplication" finished-at="2024-11-19T20:43:21 IST" duration-ms="8750" status="PASS">
          <reporter-output>
          </reporter-output>
        </test-method> <!-- LaunchApplication -->
        <test-method signature="SubmitOrder(java.util.HashMap)[pri:0, instance:TestingAcademy.StandAloneTest@674bd420]" started-at="2024-11-19T20:43:21 IST" name="SubmitOrder" data-provider="getData" finished-at="2024-11-19T20:44:50 IST" duration-ms="89101" status="PASS">
          <params>
            <param index="0">
              <value>
                <![CDATA[{email=hs16@gmail.com, productName=Casual Golf Belt, Password=@july17}]]>
              </value>
            </param>
          </params>
          <reporter-output>
          </reporter-output>
        </test-method> <!-- SubmitOrder -->
        <test-method is-config="true" signature="teamDown()[pri:0, instance:TestingAcademy.StandAloneTest@674bd420]" started-at="2024-11-19T20:44:50 IST" name="teamDown" finished-at="2024-11-19T20:44:50 IST" duration-ms="194" status="PASS">
          <reporter-output>
          </reporter-output>
        </test-method> <!-- teamDown -->
        <test-method is-config="true" signature="LaunchApplication()[pri:0, instance:TestingAcademy.StandAloneTest@674bd420]" started-at="2024-11-19T20:44:50 IST" name="LaunchApplication" finished-at="2024-11-19T20:44:56 IST" duration-ms="6469" status="PASS">
          <reporter-output>
          </reporter-output>
        </test-method> <!-- LaunchApplication -->
        <test-method signature="SubmitOrder(java.util.HashMap)[pri:0, instance:TestingAcademy.StandAloneTest@674bd420]" started-at="2024-11-19T20:44:56 IST" name="SubmitOrder" data-provider="getData" finished-at="2024-11-19T20:46:29 IST" duration-ms="92435" status="PASS">
          <params>
            <param index="0">
              <value>
                <![CDATA[{email=rs95@gmail.com, productName=Blue Jeans, Password=@Rs123}]]>
              </value>
            </param>
          </params>
          <reporter-output>
          </reporter-output>
        </test-method> <!-- SubmitOrder -->
        <test-method is-config="true" signature="teamDown()[pri:0, instance:TestingAcademy.StandAloneTest@674bd420]" started-at="2024-11-19T20:46:29 IST" name="teamDown" finished-at="2024-11-19T20:46:29 IST" duration-ms="190" status="PASS">
          <reporter-output>
          </reporter-output>
        </test-method> <!-- teamDown -->
        <test-method is-config="true" signature="LaunchApplication()[pri:0, instance:TestingAcademy.StandAloneTest@674bd420]" started-at="2024-11-19T20:46:29 IST" name="LaunchApplication" finished-at="2024-11-19T20:46:36 IST" duration-ms="6506" status="PASS">
          <reporter-output>
          </reporter-output>
        </test-method> <!-- LaunchApplication -->
        <test-method signature="OrderHistory()[pri:0, instance:TestingAcademy.StandAloneTest@674bd420]" started-at="2024-11-19T20:46:36 IST" name="OrderHistory" finished-at="2024-11-19T20:46:50 IST" depends-on-methods="SubmitOrder()" duration-ms="14332" status="PASS">
          <reporter-output>
          </reporter-output>
        </test-method> <!-- OrderHistory -->
        <test-method is-config="true" signature="teamDown()[pri:0, instance:TestingAcademy.StandAloneTest@674bd420]" started-at="2024-11-19T20:46:50 IST" name="teamDown" finished-at="2024-11-19T20:46:50 IST" duration-ms="152" status="PASS">
          <reporter-output>
          </reporter-output>
        </test-method> <!-- teamDown -->
      </class> <!-- TestingAcademy.StandAloneTest -->
    </test> <!-- StandAloneTest -->
  </suite> <!-- Suite -->
</testng-results>
